<?xml version="1.0" encoding="UTF-8"?>
<testng-results ignored="0" total="1" passed="1" failed="0" skipped="0">
  <reporter-output>
  </reporter-output>
  <suite started-at="2021-10-12T16:06:41 IST" name="Suite" finished-at="2021-10-12T16:06:51 IST" duration-ms="9371">
    <groups>
    </groups>
    <test started-at="2021-10-12T16:06:41 IST" name="Test" finished-at="2021-10-12T16:06:51 IST" duration-ms="9371">
      <class name="com.DDF.businessscripts.Login">
        <test-method is-config="true" signature="openBrowser(java.lang.String)[pri:0, instance:com.DDF.businessscripts.Login@242b836]" started-at="2021-10-12T16:06:38 IST" name="openBrowser" finished-at="2021-10-12T16:06:41 IST" duration-ms="3170" status="PASS">
          <params>
            <param index="0">
              <value>
                <![CDATA[chrome]]>
              </value>
            </param>
          </params>
          <reporter-output>
          </reporter-output>
        </test-method> <!-- openBrowser -->
        <test-method signature="loginTest()[pri:0, instance:com.DDF.businessscripts.Login@242b836]" started-at="2021-10-12T16:06:41 IST" name="loginTest" finished-at="2021-10-12T16:06:51 IST" duration-ms="9314" status="PASS">
          <reporter-output>
          </reporter-output>
        </test-method> <!-- loginTest -->
        <test-method is-config="true" signature="closeBrowser()[pri:0, instance:com.DDF.businessscripts.Login@242b836]" started-at="2021-10-12T16:06:51 IST" name="closeBrowser" finished-at="2021-10-12T16:06:51 IST" duration-ms="81" status="PASS">
          <reporter-output>
          </reporter-output>
        </test-method> <!-- closeBrowser -->
      </class> <!-- com.DDF.businessscripts.Login -->
    </test> <!-- Test -->
  </suite> <!-- Suite -->
</testng-results>
